Using pre-set license
Built from '2020.2/staging' branch; Version is '2020.2.7f1 (c53830e277f1) revision 12924976'; Using compiler version '192528614'; Build Type 'Release'
OS: 'Windows 10 Home; OS build 19042.631; Version 2009; 64bit' Language: 'he' Physical Memory: 16263 MB
BatchMode: 1, IsHumanControllingUs: 0, StartBugReporterOnCrash: 0, Is64bit: 1, IsPro: 0

 COMMAND LINE ARGUMENTS:
C:\Program Files\Unity\Hub\Editor\2020.2.7f1\Editor\Unity.exe
-adb2
-batchMode
-noUpm
-name
AssetImportWorker0
-projectPath
C:/Users/elads/OneDrive/Desktop/Unity Projects/unity-hw1/HW1
-logFile
Logs/AssetImportWorker0.log
-srvPort
50314
Successfully changed project path to: C:/Users/elads/OneDrive/Desktop/Unity Projects/unity-hw1/HW1
C:/Users/elads/OneDrive/Desktop/Unity Projects/unity-hw1/HW1
Using Asset Import Pipeline V2.
Refreshing native plugins compatible for Editor in 36.22 ms, found 0 plugins.
Preloading 0 native plugins for Editor in 0.00 ms.
Initialize engine version: 2020.2.7f1 (c53830e277f1)
[Subsystems] Discovering subsystems at path C:/Program Files/Unity/Hub/Editor/2020.2.7f1/Editor/Data/Resources/UnitySubsystems
[Subsystems] Discovering subsystems at path C:/Users/elads/OneDrive/Desktop/Unity Projects/unity-hw1/HW1/Assets
GfxDevice: creating device client; threaded=0
Direct3D:
    Version:  Direct3D 11.0 [level 11.1]
    Renderer: NVIDIA GeForce GTX 1650 (ID=0x1f91)
    Vendor:   
    VRAM:     3962 MB
    Driver:   27.21.14.5167
Initialize mono
Mono path[0] = 'C:/Program Files/Unity/Hub/Editor/2020.2.7f1/Editor/Data/Managed'
Mono path[1] = 'C:/Program Files/Unity/Hub/Editor/2020.2.7f1/Editor/Data/MonoBleedingEdge/lib/mono/unityjit'
Mono config path = 'C:/Program Files/Unity/Hub/Editor/2020.2.7f1/Editor/Data/MonoBleedingEdge/etc'
Using monoOptions --debugger-agent=transport=dt_socket,embedding=1,server=y,suspend=n,address=127.0.0.1:56808
Begin MonoManager ReloadAssembly
Registering precompiled unity dll's ...
Register platform support module: C:/Program Files/Unity/Hub/Editor/2020.2.7f1/Editor/Data/PlaybackEngines/WindowsStandaloneSupport/UnityEditor.WindowsStandalone.Extensions.dll
Registered in 0.002856 seconds.
Native extension for WindowsStandalone target not found
Refreshing native plugins compatible for Editor in 33.84 ms, found 0 plugins.
Preloading 0 native plugins for Editor in 0.00 ms.
Invoked RoslynAnalysisRunner static constructor.
RoslynAnalysisRunner will not be running.
RoslynAnalysisRunner has terminated.
Mono: successfully reloaded assembly
- Completed reload, in  1.504 seconds
Platform modules already initialized, skipping
Registering precompiled user dll's ...
Registered in 0.000932 seconds.
Begin MonoManager ReloadAssembly
Native extension for WindowsStandalone target not found
Refreshing native plugins compatible for Editor in 0.29 ms, found 0 plugins.
Preloading 0 native plugins for Editor in 0.00 ms.
Invoked RoslynAnalysisRunner static constructor.
RoslynAnalysisRunner will not be running.
RoslynAnalysisRunner has terminated.
Mono: successfully reloaded assembly
- Completed reload, in  1.114 seconds
Platform modules already initialized, skipping
========================================================================
Worker process is ready to serve import requests
Launched and connected shader compiler UnityShaderCompiler.exe after 0.06 seconds
Refreshing native plugins compatible for Editor in 0.35 ms, found 0 plugins.
Preloading 0 native plugins for Editor in 0.00 ms.
Unloading 1119 Unused Serialized files (Serialized files now loaded: 0)
System memory in use before: 62.5 MB.
System memory in use after: 62.6 MB.

Unloading 10 unused Assets to reduce memory usage. Loaded Objects now: 1577.
Total: 3.590900 ms (FindLiveObjects: 0.370600 ms CreateObjectMapping: 0.113100 ms MarkObjects: 2.914400 ms  DeleteObjects: 0.191400 ms)

========================================================================
Received Import Request.
  path: Assets/hw1/prefabs/Small_roof_lamp.prefab
  artifactKey: Guid(b266f4e4ee23ffc45b9b5f47b06e3a89) Importer(815301076,1909f56bfc062723c751e8b465ee728b)
Start importing Assets/hw1/prefabs/Small_roof_lamp.prefab using Guid(b266f4e4ee23ffc45b9b5f47b06e3a89) Importer(815301076,1909f56bfc062723c751e8b465ee728b)  -> (artifact id: '1afd595ac75880fc635a145255e63c43') in 0.247573 seconds
  Import took 0.251392 seconds .

========================================================================
Received Import Request.
  Time since last request: 0.000352 seconds.
  path: Assets/hw1/prefabs/Classic fluorescent lamp.prefab
  artifactKey: Guid(94e472da99198764cb9d172d651d1b5c) Importer(815301076,1909f56bfc062723c751e8b465ee728b)
Start importing Assets/hw1/prefabs/Classic fluorescent lamp.prefab using Guid(94e472da99198764cb9d172d651d1b5c) Importer(815301076,1909f56bfc062723c751e8b465ee728b)  -> (artifact id: 'd8fcfbab1a15dc7ae2e5c9dde7469e57') in 0.041452 seconds
  Import took 0.045784 seconds .

========================================================================
Received Import Request.
  Time since last request: 0.000280 seconds.
  path: Assets/hw1/prefabs/Large_round_lamp.prefab
  artifactKey: Guid(9b2a4f13248ef214b9e14c5bed331a51) Importer(815301076,1909f56bfc062723c751e8b465ee728b)
Start importing Assets/hw1/prefabs/Large_round_lamp.prefab using Guid(9b2a4f13248ef214b9e14c5bed331a51) Importer(815301076,1909f56bfc062723c751e8b465ee728b)  -> (artifact id: 'b5353596ba33d8b46be1547bd1aba1f2') in 0.041005 seconds
  Import took 0.044859 seconds .

========================================================================
Received Import Request.
  Time since last request: 0.000299 seconds.
  path: Assets/hw1/prefabs/House.prefab
  artifactKey: Guid(38cb3c0a68dcee1468760431bac27f5b) Importer(815301076,1909f56bfc062723c751e8b465ee728b)
Start importing Assets/hw1/prefabs/House.prefab using Guid(38cb3c0a68dcee1468760431bac27f5b) Importer(815301076,1909f56bfc062723c751e8b465ee728b)  -> (artifact id: 'd5ddad07e235c89406f754b322308119') in 0.135462 seconds
  Import took 0.143428 seconds .

========================================================================
Received Import Request.
  Time since last request: 0.000284 seconds.
  path: Assets/hw1/prefabs/toilet_.prefab
  artifactKey: Guid(1d7e0b0537d43b74280f8da8894072f1) Importer(815301076,1909f56bfc062723c751e8b465ee728b)
Start importing Assets/hw1/prefabs/toilet_.prefab using Guid(1d7e0b0537d43b74280f8da8894072f1) Importer(815301076,1909f56bfc062723c751e8b465ee728b)  -> (artifact id: '45b4cfdfbe2634033acaa7bc93ae27f4') in 0.028530 seconds
  Import took 0.031758 seconds .

========================================================================
Received Prepare
Registering precompiled user dll's ...
Registered in 0.000595 seconds.
Begin MonoManager ReloadAssembly
Native extension for WindowsStandalone target not found
Refreshing native plugins compatible for Editor in 0.22 ms, found 0 plugins.
Preloading 0 native plugins for Editor in 0.00 ms.
Invoked RoslynAnalysisRunner static constructor.
RoslynAnalysisRunner will not be running.
RoslynAnalysisRunner has terminated.
Mono: successfully reloaded assembly
- Completed reload, in  0.673 seconds
Platform modules already initialized, skipping
Refreshing native plugins compatible for Editor in 0.30 ms, found 0 plugins.
Preloading 0 native plugins for Editor in 0.00 ms.
Unloading 1111 Unused Serialized files (Serialized files now loaded: 0)
System memory in use before: 65.7 MB.
System memory in use after: 65.8 MB.

Unloading 6 unused Assets to reduce memory usage. Loaded Objects now: 1592.
Total: 3.805000 ms (FindLiveObjects: 0.323600 ms CreateObjectMapping: 0.103700 ms MarkObjects: 3.227200 ms  DeleteObjects: 0.148400 ms)

========================================================================
Received Prepare
Registering precompiled user dll's ...
Registered in 0.001263 seconds.
Begin MonoManager ReloadAssembly
Native extension for WindowsStandalone target not found
Refreshing native plugins compatible for Editor in 0.24 ms, found 0 plugins.
Preloading 0 native plugins for Editor in 0.00 ms.
Invoked RoslynAnalysisRunner static constructor.
RoslynAnalysisRunner will not be running.
RoslynAnalysisRunner has terminated.
Mono: successfully reloaded assembly
- Completed reload, in  0.644 seconds
Platform modules already initialized, skipping
Refreshing native plugins compatible for Editor in 0.23 ms, found 0 plugins.
Preloading 0 native plugins for Editor in 0.00 ms.
Unloading 1111 Unused Serialized files (Serialized files now loaded: 0)
System memory in use before: 65.7 MB.
System memory in use after: 65.8 MB.

Unloading 5 unused Assets to reduce memory usage. Loaded Objects now: 1595.
Total: 4.185800 ms (FindLiveObjects: 0.289200 ms CreateObjectMapping: 0.111700 ms MarkObjects: 3.650200 ms  DeleteObjects: 0.132900 ms)

AssetImportWorkerClient::OnTransportError - code=2 error=End of file
